<?xml version="1.0" encoding="UTF-8"?>
<testsuite xmlns:xsi="http://www.w3.org/2001/XMLSchema-instance" xsi:noNamespaceSchemaLocation="https://maven.apache.org/surefire/maven-surefire-plugin/xsd/surefire-test-report.xsd" name="ru.ozon.FirstTest" time="140.475" tests="3" errors="0" skipped="0" failures="1">
  <properties>
[...]
</properties>
  <testcase name="thirdTest" classname="ru.ozon.FirstTest" time="41.377"/>
  <testcase name="firstTest" classname="ru.ozon.FirstTest" time="44.394"/>
  <testcase name="secondTest" classname="ru.ozon.FirstTest" time="54.524">
    <failure message="Кол-во товаров меньше 3, либо цена некорректна" type="java.lang.AssertionError">java.lang.AssertionError: Кол-во товаров меньше 3, либо цена некорректна
	at ru.ozon.FirstTest.secondTest(FirstTest.java:212)
</failure>
    <system-out><![CDATA[test start
test completed
]]></system-out>
    <system-err><![CDATA[Starting ChromeDriver 87.0.4280.88 (89e2380a3e36c3464b5dd1302349b1382549290d-refs/branch-heads/4280@{#1761}) on port 26996
Only local connections are allowed.
Please see https://chromedriver.chromium.org/security-considerations for suggestions on keeping ChromeDriver safe.
ChromeDriver was started successfully.
]]></system-err>
  </testcase>
</testsuite>